<?xml version="1.0" encoding="UTF-8" ?>
<testsuite errors="0" failures="0" hostname="Kevin-PC" name="TEST1Test" tests="3" time="1.217" timestamp="2013-12-11T15:18:29">
  <properties>
[...]
</properties>
  <testcase classname="TEST1Test" name="testGetFirstFoodinfofromCity" time="0.293" />
  <testcase classname="TEST1Test" name="testGetFirstSiteinfofromCity" time="0.69" />
  <testcase classname="TEST1Test" name="testGetFirstLiveinfofromCity" time="0.175" />
  <system-out><![CDATA[]]></system-out>
  <system-err><![CDATA[]]></system-err>
</testsuite>
